Segmenting training data from csv...

Segmenting test data from csv...

Using data noise augmentation

Input Parameters:
Namespace(batch_size=32, calibration=True, cuda=True, dp_rate=0.2, epochs=1, frame_size=20, gpu=0, inference=False, learning_rate=0.001, no_gpu=False, patience=5, training=True, workers=4)

Initialising model.............
Current device is: NVIDIA GeForce GTX 1070
training data num: 10048
test data num: 2790
batch size: 32
num of workers: 4

*** Starting Training ***

Current Epoch: [ 1] time: 24.9868, train_loss: 0.4046  train_acc: 0.8744  train_state_acc: 0.7467
Current Epoch: [ 1], val_loss: 0.2962  val_acc: 0.9455 val_state_acc: 0.8127
Performance improve, saving new model. Best average accuracy: 0.919
[0.995      1.         0.985      0.995      0.92       0.98
 0.99134199 0.99780702 1.         0.55147059]
Segmenting training data from csv...

Segmenting test data from csv...

Using data noise augmentation

Input Parameters:
Namespace(batch_size=32, calibration=True, cuda=True, dp_rate=0.2, epochs=1, frame_size=20, gpu=0, inference=False, learning_rate=0.001, no_gpu=False, patience=5, training=True, workers=4)

Initialising model.............
Current device is: NVIDIA GeForce GTX 1070
training data num: 10047
test data num: 2790
batch size: 32
num of workers: 4

*** Starting Training ***

Current Epoch: [ 1] time: 24.6500, train_loss: 0.3802  train_acc: 0.8834  train_state_acc: 0.7574
Current Epoch: [ 1], val_loss: 0.4328  val_acc: 0.8860 val_state_acc: 0.7528
Performance improve, saving new model. Best average accuracy: 0.859
[0.95       1.         0.45       0.995      0.72       0.93
 0.995671   0.99780702 0.9        0.61764706]
Before temperature - NLL: 0.432, ECE: 0.058
Optimal temperature: 1.493
After temperature - NLL: 0.399, ECE: 0.025
Segmenting training data from csv...

Segmenting test data from csv...

Using data noise augmentation

Input Parameters:
Namespace(batch_size=32, calibration=True, cuda=True, dp_rate=0.2, epochs=1, frame_size=20, gpu=0, inference=False, learning_rate=0.001, no_gpu=False, patience=5, training=True, workers=4)

Initialising model.............
Current device is: NVIDIA GeForce GTX 1070
training data num: 720
test data num: 200
batch size: 32
num of workers: 4

*** Starting Training ***

Current Epoch: [ 1] time: 5.0160, train_loss: 0.1517  train_acc: 0.9556  train_state_acc: 0.9556
Current Epoch: [ 1], val_loss: 0.0011  val_acc: 1.0000 val_state_acc: 1.0000
Performance improve, saving new model. Best average accuracy: 1.0
[1.]
Before temperature - NLL: 0.001, ECE: 0.001
Optimal temperature: 1.481
After temperature - NLL: 0.022, ECE: 0.021
Before temperature - NLL: 0.001, ECE: 0.001
Optimal temperature: 1.481
After temperature - NLL: 0.022, ECE: 0.022
Before temperature - NLL: 0.001, ECE: 0.001
Optimal temperature: 1.481
After temperature - NLL: 0.022, ECE: 0.022
Before temperature - NLL: 0.001, ECE: 0.001
Optimal temperature: 1.481
After temperature - NLL: 0.022, ECE: 0.022
Before temperature - NLL: 0.001, ECE: 0.001
Optimal temperature: 1.481
After temperature - NLL: 0.022, ECE: 0.022
Segmenting training data from csv...

Segmenting test data from csv...

Using data noise augmentation

Input Parameters:
Namespace(batch_size=32, calibration=True, cuda=True, dp_rate=0.2, epochs=1, frame_size=20, gpu=0, inference=False, learning_rate=0.001, no_gpu=False, patience=5, training=True, workers=4)

Initialising model.............
Current device is: NVIDIA GeForce GTX 1070
training data num: 10048
test data num: 2790
batch size: 32
num of workers: 4

*** Starting Training ***

Current Epoch: [ 1] time: 24.5380, train_loss: 0.4578  train_acc: 0.8560  train_state_acc: 0.7514
Current Epoch: [ 1], val_loss: 0.3389  val_acc: 0.9229 val_state_acc: 0.7424
Performance improve, saving new model. Best average accuracy: 0.887
[0.985      1.         0.745      0.995      0.735      0.915
 0.96753247 1.         1.         0.72426471]
Before temperature - NLL: 0.251, ECE: 0.027
Optimal temperature: 1.479
After temperature - NLL: 0.272, ECE: 0.060
Before temperature - NLL: 0.246, ECE: 0.028
Optimal temperature: 1.478
After temperature - NLL: 0.269, ECE: 0.058
Before temperature - NLL: 0.249, ECE: 0.021
Optimal temperature: 1.478
After temperature - NLL: 0.271, ECE: 0.058
Before temperature - NLL: 0.246, ECE: 0.021
Optimal temperature: 1.478
After temperature - NLL: 0.269, ECE: 0.059
Before temperature - NLL: 0.252, ECE: 0.026
Optimal temperature: 1.479
After temperature - NLL: 0.274, ECE: 0.058
Segmenting training data from csv...

Segmenting test data from csv...

Using data noise augmentation
Before temperature - NLL: -6.610, ECE: 0.023
After temperature - NLL: -4.938, ECE: 0.032
Optimal temperature: 1.339
Before temperature - NLL: -6.616, ECE: 0.021
After temperature - NLL: -4.943, ECE: 0.034
Optimal temperature: 1.338
Before temperature - NLL: -6.607, ECE: 0.020
After temperature - NLL: -4.935, ECE: 0.037
Optimal temperature: 1.339
Before temperature - NLL: -6.608, ECE: 0.026
After temperature - NLL: -4.936, ECE: 0.036
Optimal temperature: 1.339
Before temperature - NLL: -6.607, ECE: 0.020
After temperature - NLL: -4.935, ECE: 0.037
Optimal temperature: 1.339
Segmenting training data from csv...

Segmenting test data from csv...

Using data noise augmentation
Segmenting training data from csv...

Segmenting test data from csv...

Using data noise augmentation
Segmenting training data from csv...

Segmenting test data from csv...

Using data noise augmentation
Before temperature - NLL: 0.245, ECE: 0.023
After temperature - NLL: 0.357, ECE: 0.151
Optimal temperature: 1.923
Before temperature - NLL: 0.249, ECE: 0.020
After temperature - NLL: 0.343, ECE: 0.133
Optimal temperature: 1.860
Before temperature - NLL: 0.249, ECE: 0.026
After temperature - NLL: 0.331, ECE: 0.123
Optimal temperature: 1.804
Before temperature - NLL: 0.250, ECE: 0.024
After temperature - NLL: 0.320, ECE: 0.111
Optimal temperature: 1.757
Before temperature - NLL: 0.246, ECE: 0.024
After temperature - NLL: 0.309, ECE: 0.107
Optimal temperature: 1.713
Segmenting training data from csv...

Segmenting test data from csv...

Using data noise augmentation
Before temperature - NLL: 0.252, ECE: 0.023
After temperature - NLL: 0.252, ECE: 0.023
Optimal temperature: 1.006
Before temperature - NLL: 0.247, ECE: 0.029
After temperature - NLL: 0.247, ECE: 0.027
Optimal temperature: 1.011
Before temperature - NLL: 0.252, ECE: 0.027
After temperature - NLL: 0.251, ECE: 0.025
Optimal temperature: 1.016
Before temperature - NLL: 0.249, ECE: 0.020
After temperature - NLL: 0.248, ECE: 0.020
Optimal temperature: 1.021
Before temperature - NLL: 0.245, ECE: 0.019
After temperature - NLL: 0.244, ECE: 0.018
Optimal temperature: 1.025
Segmenting training data from csv...

Segmenting test data from csv...

Using data noise augmentation
Before temperature - NLL: 0.254, ECE: 0.021
After temperature - NLL: 0.274, ECE: 0.057
Optimal temperature: 1.479
Before temperature - NLL: 0.253, ECE: 0.025
After temperature - NLL: 0.271, ECE: 0.054
Optimal temperature: 1.459
Before temperature - NLL: 0.248, ECE: 0.018
After temperature - NLL: 0.265, ECE: 0.050
Optimal temperature: 1.440
Before temperature - NLL: 0.249, ECE: 0.024
After temperature - NLL: 0.264, ECE: 0.051
Optimal temperature: 1.423
Before temperature - NLL: 0.248, ECE: 0.023
After temperature - NLL: 0.261, ECE: 0.050
Optimal temperature: 1.406
